[0.020s] Invoking command in '/home/student37/ros2_ws/build/rplidar_ros': CMAKE_PREFIX_PATH=${CMAKE_PREFIX_PATH}:/home/student37/ros2_tutorial_workspace/install/the_simplest_python_package:/home/student37/ros2_tutorial_workspace/install/python_package_with_a_node:/home/student37/ros2_tutorial_workspace/install/python_package_that_uses_the_library:/home/student37/ros2_tutorial_workspace/install/python_package_with_a_library:/home/student37/ros2_tutorial_workspace/install/python_package_that_uses_the_services:/home/student37/ros2_tutorial_workspace/install/python_package_that_uses_the_messages:/home/student37/ros2_tutorial_workspace/install/python_package_that_uses_the_actions:/home/student37/ros2_tutorial_workspace/install/python_package_that_uses_tf2:/home/student37/ros2_tutorial_workspace/install/python_package_that_uses_parameters_and_launch_files:/home/student37/ros2_tutorial_workspace/install/python_package_that_uses_nav2:/home/student37/ros2_tutorial_workspace/install/python_package_that_uses_geometry_msgs:/home/student37/ros2_tutorial_workspace/install/python_package_that_uses_gazebo:/home/student37/ros2_tutorial_workspace/install/my_package:/home/student37/ros2_tutorial_workspace/install/custom_tf_package:/home/student37/ros2_tutorial_workspace/install/custom_tf_broadcaster_package:/home/student37/ros2_tutorial_workspace/install/custom_subscriber_package:/home/student37/ros2_tutorial_workspace/install/custom_server_package:/home/student37/ros2_tutorial_workspace/install/custom_python_package_for_gazebo:/home/student37/ros2_tutorial_workspace/install/custom_publisher_package:/home/student37/ros2_tutorial_workspace/install/custom_package_with_node:/home/student37/ros2_tutorial_workspace/install/custom_package_with_library:/home/student37/ros2_tutorial_workspace/install/custom_client_package:/home/student37/ros2_tutorial_workspace/install/custom_action_server_package:/home/student37/ros2_tutorial_workspace/install/custom_action_client_package:/home/student37/ros2_tutorial_workspace/install/another_package:/home/student37/ros2_tutorial_workspace/install/another_node:/opt/ros/jazzy DEBUGINFOD_URLS=https://debuginfod.ubuntu.com /usr/bin/cmake --build /home/student37/ros2_ws/build/rplidar_ros -- -j12 -l12
[0.157s] [  5%] Built target rplidar_client
[0.183s] [ 52%] Built target rplidar_node
[0.187s] [100%] Built target rplidar_composition
[0.220s] Invoked command in '/home/student37/ros2_ws/build/rplidar_ros' returned '0': CMAKE_PREFIX_PATH=${CMAKE_PREFIX_PATH}:/home/student37/ros2_tutorial_workspace/install/the_simplest_python_package:/home/student37/ros2_tutorial_workspace/install/python_package_with_a_node:/home/student37/ros2_tutorial_workspace/install/python_package_that_uses_the_library:/home/student37/ros2_tutorial_workspace/install/python_package_with_a_library:/home/student37/ros2_tutorial_workspace/install/python_package_that_uses_the_services:/home/student37/ros2_tutorial_workspace/install/python_package_that_uses_the_messages:/home/student37/ros2_tutorial_workspace/install/python_package_that_uses_the_actions:/home/student37/ros2_tutorial_workspace/install/python_package_that_uses_tf2:/home/student37/ros2_tutorial_workspace/install/python_package_that_uses_parameters_and_launch_files:/home/student37/ros2_tutorial_workspace/install/python_package_that_uses_nav2:/home/student37/ros2_tutorial_workspace/install/python_package_that_uses_geometry_msgs:/home/student37/ros2_tutorial_workspace/install/python_package_that_uses_gazebo:/home/student37/ros2_tutorial_workspace/install/my_package:/home/student37/ros2_tutorial_workspace/install/custom_tf_package:/home/student37/ros2_tutorial_workspace/install/custom_tf_broadcaster_package:/home/student37/ros2_tutorial_workspace/install/custom_subscriber_package:/home/student37/ros2_tutorial_workspace/install/custom_server_package:/home/student37/ros2_tutorial_workspace/install/custom_python_package_for_gazebo:/home/student37/ros2_tutorial_workspace/install/custom_publisher_package:/home/student37/ros2_tutorial_workspace/install/custom_package_with_node:/home/student37/ros2_tutorial_workspace/install/custom_package_with_library:/home/student37/ros2_tutorial_workspace/install/custom_client_package:/home/student37/ros2_tutorial_workspace/install/custom_action_server_package:/home/student37/ros2_tutorial_workspace/install/custom_action_client_package:/home/student37/ros2_tutorial_workspace/install/another_package:/home/student37/ros2_tutorial_workspace/install/another_node:/opt/ros/jazzy DEBUGINFOD_URLS=https://debuginfod.ubuntu.com /usr/bin/cmake --build /home/student37/ros2_ws/build/rplidar_ros -- -j12 -l12
[0.241s] Invoking command in '/home/student37/ros2_ws/build/rplidar_ros': CMAKE_PREFIX_PATH=${CMAKE_PREFIX_PATH}:/home/student37/ros2_tutorial_workspace/install/the_simplest_python_package:/home/student37/ros2_tutorial_workspace/install/python_package_with_a_node:/home/student37/ros2_tutorial_workspace/install/python_package_that_uses_the_library:/home/student37/ros2_tutorial_workspace/install/python_package_with_a_library:/home/student37/ros2_tutorial_workspace/install/python_package_that_uses_the_services:/home/student37/ros2_tutorial_workspace/install/python_package_that_uses_the_messages:/home/student37/ros2_tutorial_workspace/install/python_package_that_uses_the_actions:/home/student37/ros2_tutorial_workspace/install/python_package_that_uses_tf2:/home/student37/ros2_tutorial_workspace/install/python_package_that_uses_parameters_and_launch_files:/home/student37/ros2_tutorial_workspace/install/python_package_that_uses_nav2:/home/student37/ros2_tutorial_workspace/install/python_package_that_uses_geometry_msgs:/home/student37/ros2_tutorial_workspace/install/python_package_that_uses_gazebo:/home/student37/ros2_tutorial_workspace/install/my_package:/home/student37/ros2_tutorial_workspace/install/custom_tf_package:/home/student37/ros2_tutorial_workspace/install/custom_tf_broadcaster_package:/home/student37/ros2_tutorial_workspace/install/custom_subscriber_package:/home/student37/ros2_tutorial_workspace/install/custom_server_package:/home/student37/ros2_tutorial_workspace/install/custom_python_package_for_gazebo:/home/student37/ros2_tutorial_workspace/install/custom_publisher_package:/home/student37/ros2_tutorial_workspace/install/custom_package_with_node:/home/student37/ros2_tutorial_workspace/install/custom_package_with_library:/home/student37/ros2_tutorial_workspace/install/custom_client_package:/home/student37/ros2_tutorial_workspace/install/custom_action_server_package:/home/student37/ros2_tutorial_workspace/install/custom_action_client_package:/home/student37/ros2_tutorial_workspace/install/another_package:/home/student37/ros2_tutorial_workspace/install/another_node:/opt/ros/jazzy DEBUGINFOD_URLS=https://debuginfod.ubuntu.com /usr/bin/cmake --install /home/student37/ros2_ws/build/rplidar_ros
[0.257s] -- Install configuration: ""
[0.257s] -- Up-to-date: /home/student37/ros2_ws/install/rplidar_ros/share/rplidar_ros/launch
[0.257s] -- Up-to-date: /home/student37/ros2_ws/install/rplidar_ros/share/rplidar_ros/launch/view_rplidar_t1_launch.py
[0.257s] -- Up-to-date: /home/student37/ros2_ws/install/rplidar_ros/share/rplidar_ros/launch/rplidar_a2m12_launch.py
[0.257s] -- Up-to-date: /home/student37/ros2_ws/install/rplidar_ros/share/rplidar_ros/launch/rplidar_s2_launch.py
[0.258s] -- Up-to-date: /home/student37/ros2_ws/install/rplidar_ros/share/rplidar_ros/launch/rplidar_s1_launch.py
[0.258s] -- Up-to-date: /home/student37/ros2_ws/install/rplidar_ros/share/rplidar_ros/launch/rplidar_a2m8_launch.py
[0.258s] -- Up-to-date: /home/student37/ros2_ws/install/rplidar_ros/share/rplidar_ros/launch/view_rplidar_s2_launch.py
[0.258s] -- Up-to-date: /home/student37/ros2_ws/install/rplidar_ros/share/rplidar_ros/launch/rplidar_a3_launch.py
[0.258s] -- Up-to-date: /home/student37/ros2_ws/install/rplidar_ros/share/rplidar_ros/launch/view_rplidar_a2m8_launch.py
[0.259s] -- Up-to-date: /home/student37/ros2_ws/install/rplidar_ros/share/rplidar_ros/launch/view_rplidar_a2m12_launch.py
[0.259s] -- Up-to-date: /home/student37/ros2_ws/install/rplidar_ros/share/rplidar_ros/launch/rplidar_t1_launch.py
[0.259s] -- Up-to-date: /home/student37/ros2_ws/install/rplidar_ros/share/rplidar_ros/launch/rplidar_c1_launch.py
[0.259s] -- Up-to-date: /home/student37/ros2_ws/install/rplidar_ros/share/rplidar_ros/launch/view_rplidar_s1_tcp_launch.py
[0.259s] -- Up-to-date: /home/student37/ros2_ws/install/rplidar_ros/share/rplidar_ros/launch/rplidar_s2e_launch.py
[0.259s] -- Up-to-date: /home/student37/ros2_ws/install/rplidar_ros/share/rplidar_ros/launch/view_rplidar_a1_launch.py
[0.259s] -- Up-to-date: /home/student37/ros2_ws/install/rplidar_ros/share/rplidar_ros/launch/view_rplidar_s3_launch.py
[0.259s] -- Up-to-date: /home/student37/ros2_ws/install/rplidar_ros/share/rplidar_ros/launch/view_rplidar_s1_launch.py
[0.259s] -- Up-to-date: /home/student37/ros2_ws/install/rplidar_ros/share/rplidar_ros/launch/view_rplidar_a3_launch.py
[0.259s] -- Up-to-date: /home/student37/ros2_ws/install/rplidar_ros/share/rplidar_ros/launch/view_rplidar_s2e_launch.py
[0.260s] -- Up-to-date: /home/student37/ros2_ws/install/rplidar_ros/share/rplidar_ros/launch/rplidar_s1_tcp_launch.py
[0.260s] -- Up-to-date: /home/student37/ros2_ws/install/rplidar_ros/share/rplidar_ros/launch/rplidar_s3_launch.py
[0.260s] -- Up-to-date: /home/student37/ros2_ws/install/rplidar_ros/share/rplidar_ros/launch/view_rplidar_c1_launch.py
[0.260s] -- Up-to-date: /home/student37/ros2_ws/install/rplidar_ros/share/rplidar_ros/launch/rplidar_a2m7_launch.py
[0.260s] -- Up-to-date: /home/student37/ros2_ws/install/rplidar_ros/share/rplidar_ros/launch/rplidar_a1_launch.py
[0.260s] -- Up-to-date: /home/student37/ros2_ws/install/rplidar_ros/share/rplidar_ros/launch/view_rplidar_a2m7_launch.py
[0.260s] -- Up-to-date: /home/student37/ros2_ws/install/rplidar_ros/share/rplidar_ros/rviz
[0.260s] -- Up-to-date: /home/student37/ros2_ws/install/rplidar_ros/share/rplidar_ros/rviz/rplidar_ros.rviz
[0.260s] -- Up-to-date: /home/student37/ros2_ws/install/rplidar_ros/lib/rplidar_ros/rplidar_node
[0.260s] -- Up-to-date: /home/student37/ros2_ws/install/rplidar_ros/lib/rplidar_ros/rplidar_composition
[0.260s] -- Up-to-date: /home/student37/ros2_ws/install/rplidar_ros/lib/rplidar_ros/rplidar_client
[0.260s] -- Up-to-date: /home/student37/ros2_ws/install/rplidar_ros/share/ament_index/resource_index/package_run_dependencies/rplidar_ros
[0.260s] -- Up-to-date: /home/student37/ros2_ws/install/rplidar_ros/share/ament_index/resource_index/parent_prefix_path/rplidar_ros
[0.261s] -- Up-to-date: /home/student37/ros2_ws/install/rplidar_ros/share/rplidar_ros/environment/ament_prefix_path.sh
[0.261s] -- Up-to-date: /home/student37/ros2_ws/install/rplidar_ros/share/rplidar_ros/environment/ament_prefix_path.dsv
[0.261s] -- Up-to-date: /home/student37/ros2_ws/install/rplidar_ros/share/rplidar_ros/environment/path.sh
[0.261s] -- Up-to-date: /home/student37/ros2_ws/install/rplidar_ros/share/rplidar_ros/environment/path.dsv
[0.261s] -- Up-to-date: /home/student37/ros2_ws/install/rplidar_ros/share/rplidar_ros/local_setup.bash
[0.261s] -- Up-to-date: /home/student37/ros2_ws/install/rplidar_ros/share/rplidar_ros/local_setup.sh
[0.261s] -- Up-to-date: /home/student37/ros2_ws/install/rplidar_ros/share/rplidar_ros/local_setup.zsh
[0.262s] -- Up-to-date: /home/student37/ros2_ws/install/rplidar_ros/share/rplidar_ros/local_setup.dsv
[0.262s] -- Installing: /home/student37/ros2_ws/install/rplidar_ros/share/rplidar_ros/package.dsv
[0.262s] -- Up-to-date: /home/student37/ros2_ws/install/rplidar_ros/share/ament_index/resource_index/packages/rplidar_ros
[0.262s] -- Up-to-date: /home/student37/ros2_ws/install/rplidar_ros/share/rplidar_ros/cmake/ament_cmake_export_dependencies-extras.cmake
[0.262s] -- Up-to-date: /home/student37/ros2_ws/install/rplidar_ros/share/rplidar_ros/cmake/ament_cmake_export_include_directories-extras.cmake
[0.262s] -- Up-to-date: /home/student37/ros2_ws/install/rplidar_ros/share/rplidar_ros/cmake/rplidar_rosConfig.cmake
[0.262s] -- Up-to-date: /home/student37/ros2_ws/install/rplidar_ros/share/rplidar_ros/cmake/rplidar_rosConfig-version.cmake
[0.262s] -- Up-to-date: /home/student37/ros2_ws/install/rplidar_ros/share/rplidar_ros/package.xml
[0.263s] Invoked command in '/home/student37/ros2_ws/build/rplidar_ros' returned '0': CMAKE_PREFIX_PATH=${CMAKE_PREFIX_PATH}:/home/student37/ros2_tutorial_workspace/install/the_simplest_python_package:/home/student37/ros2_tutorial_workspace/install/python_package_with_a_node:/home/student37/ros2_tutorial_workspace/install/python_package_that_uses_the_library:/home/student37/ros2_tutorial_workspace/install/python_package_with_a_library:/home/student37/ros2_tutorial_workspace/install/python_package_that_uses_the_services:/home/student37/ros2_tutorial_workspace/install/python_package_that_uses_the_messages:/home/student37/ros2_tutorial_workspace/install/python_package_that_uses_the_actions:/home/student37/ros2_tutorial_workspace/install/python_package_that_uses_tf2:/home/student37/ros2_tutorial_workspace/install/python_package_that_uses_parameters_and_launch_files:/home/student37/ros2_tutorial_workspace/install/python_package_that_uses_nav2:/home/student37/ros2_tutorial_workspace/install/python_package_that_uses_geometry_msgs:/home/student37/ros2_tutorial_workspace/install/python_package_that_uses_gazebo:/home/student37/ros2_tutorial_workspace/install/my_package:/home/student37/ros2_tutorial_workspace/install/custom_tf_package:/home/student37/ros2_tutorial_workspace/install/custom_tf_broadcaster_package:/home/student37/ros2_tutorial_workspace/install/custom_subscriber_package:/home/student37/ros2_tutorial_workspace/install/custom_server_package:/home/student37/ros2_tutorial_workspace/install/custom_python_package_for_gazebo:/home/student37/ros2_tutorial_workspace/install/custom_publisher_package:/home/student37/ros2_tutorial_workspace/install/custom_package_with_node:/home/student37/ros2_tutorial_workspace/install/custom_package_with_library:/home/student37/ros2_tutorial_workspace/install/custom_client_package:/home/student37/ros2_tutorial_workspace/install/custom_action_server_package:/home/student37/ros2_tutorial_workspace/install/custom_action_client_package:/home/student37/ros2_tutorial_workspace/install/another_package:/home/student37/ros2_tutorial_workspace/install/another_node:/opt/ros/jazzy DEBUGINFOD_URLS=https://debuginfod.ubuntu.com /usr/bin/cmake --install /home/student37/ros2_ws/build/rplidar_ros
