-- The C compiler identification is GNU 13.3.0
-- The CXX compiler identification is GNU 13.3.0
-- Detecting C compiler ABI info
-- Detecting C compiler ABI info - done
-- Check for working C compiler: /usr/bin/cc - skipped
-- Detecting C compile features
-- Detecting C compile features - done
-- Detecting CXX compiler ABI info
-- Detecting CXX compiler ABI info - done
-- Check for working CXX compiler: /usr/bin/c++ - skipped
-- Detecting CXX compile features
-- Detecting CXX compile features - done
-- Found ament_cmake: 2.5.4 (/opt/ros/jazzy/share/ament_cmake/cmake)
-- Found Python3: /usr/bin/python3 (found version "3.12.3") found components: Interpreter 
-- Override CMake install command with custom implementation using symlinks instead of copying resources
-- Configuring done (1.4s)
-- Generating done (0.0s)
-- Build files have been written to: /home/student37/ros2_ws/build/leo_nav
-- Install configuration: ""
-- Execute custom install script
-- Symlinking: /home/student37/ros2_ws/install/leo_nav/share/leo_nav/config/amcl.yaml
-- Symlinking: /home/student37/ros2_ws/install/leo_nav/share/leo_nav/config/behavior_trees/navigate_w_replanning_time.xml
-- Symlinking: /home/student37/ros2_ws/install/leo_nav/share/leo_nav/config/navigation.yaml
-- Symlinking: /home/student37/ros2_ws/install/leo_nav/share/leo_nav/config/navigation_stereo_camera.yaml
-- Symlinking: /home/student37/ros2_ws/install/leo_nav/share/leo_nav/config/slam_toolbox.yaml
-- Symlinking: /home/student37/ros2_ws/install/leo_nav/share/leo_nav/launch/amcl.launch.py
-- Symlinking: /home/student37/ros2_ws/install/leo_nav/share/leo_nav/launch/navigation.launch.xml
-- Symlinking: /home/student37/ros2_ws/install/leo_nav/share/leo_nav/launch/slam_toolbox.launch.py
-- Symlinking: /home/student37/ros2_ws/install/leo_nav/share/leo_nav/maps/empty_map.pgm
-- Symlinking: /home/student37/ros2_ws/install/leo_nav/share/leo_nav/maps/empty_map.yaml
-- Symlinking: /home/student37/ros2_ws/install/leo_nav/share/ament_index/resource_index/package_run_dependencies/leo_nav
-- Symlinking: /home/student37/ros2_ws/install/leo_nav/share/ament_index/resource_index/parent_prefix_path/leo_nav
-- Symlinking: /home/student37/ros2_ws/install/leo_nav/share/leo_nav/environment/ament_prefix_path.sh
-- Symlinking: /home/student37/ros2_ws/install/leo_nav/share/leo_nav/environment/ament_prefix_path.dsv
-- Symlinking: /home/student37/ros2_ws/install/leo_nav/share/leo_nav/environment/path.sh
-- Symlinking: /home/student37/ros2_ws/install/leo_nav/share/leo_nav/environment/path.dsv
-- Symlinking: /home/student37/ros2_ws/install/leo_nav/share/leo_nav/local_setup.bash
-- Symlinking: /home/student37/ros2_ws/install/leo_nav/share/leo_nav/local_setup.sh
-- Symlinking: /home/student37/ros2_ws/install/leo_nav/share/leo_nav/local_setup.zsh
-- Symlinking: /home/student37/ros2_ws/install/leo_nav/share/leo_nav/local_setup.dsv
-- Symlinking: /home/student37/ros2_ws/install/leo_nav/share/leo_nav/package.dsv
-- Symlinking: /home/student37/ros2_ws/install/leo_nav/share/ament_index/resource_index/packages/leo_nav
-- Symlinking: /home/student37/ros2_ws/install/leo_nav/share/leo_nav/cmake/leo_navConfig.cmake
-- Symlinking: /home/student37/ros2_ws/install/leo_nav/share/leo_nav/cmake/leo_navConfig-version.cmake
-- Symlinking: /home/student37/ros2_ws/install/leo_nav/share/leo_nav/package.xml
