[0.123s] DEBUG:colcon:Command line arguments: ['/usr/bin/colcon', 'build']
[0.123s] DEBUG:colcon:Parsed command line arguments: Namespace(log_base=None, log_level=None, verb_name='build', build_base='build', install_base='install', merge_install=False, symlink_install=False, test_result_base=None, continue_on_error=False, executor='parallel', parallel_workers=12, event_handlers=None, ignore_user_meta=False, metas=['./colcon.meta'], base_paths=['.'], packages_ignore=None, packages_ignore_regex=None, paths=None, packages_up_to=None, packages_up_to_regex=None, packages_above=None, packages_above_and_dependencies=None, packages_above_depth=None, packages_select_by_dep=None, packages_skip_by_dep=None, packages_skip_up_to=None, packages_select_build_failed=False, packages_skip_build_finished=False, packages_select_test_failures=False, packages_skip_test_passed=False, packages_select=None, packages_skip=None, packages_select_regex=None, packages_skip_regex=None, packages_start=None, packages_end=None, allow_overriding=[], cmake_args=None, cmake_target=None, cmake_target_skip_unavailable=False, cmake_clean_cache=False, cmake_clean_first=False, cmake_force_configure=False, ament_cmake_args=None, catkin_cmake_args=None, catkin_skip_building_tests=False, mixin_files=None, mixin=None, verb_parser=<colcon_mixin.mixin.mixin_argument.MixinArgumentDecorator object at 0x7c9de5ad4470>, verb_extension=<colcon_core.verb.build.BuildVerb object at 0x7c9de5ad40b0>, main=<bound method BuildVerb.main of <colcon_core.verb.build.BuildVerb object at 0x7c9de5ad40b0>>, mixin_verb=('build',))
[0.171s] Level 1:colcon.colcon_core.package_discovery:discover_packages(colcon_meta) check parameters
[0.171s] Level 1:colcon.colcon_core.package_discovery:discover_packages(recursive) check parameters
[0.171s] Level 1:colcon.colcon_core.package_discovery:discover_packages(ignore) check parameters
[0.171s] Level 1:colcon.colcon_core.package_discovery:discover_packages(path) check parameters
[0.171s] Level 1:colcon.colcon_core.package_discovery:discover_packages(colcon_meta) discover
[0.171s] Level 1:colcon.colcon_core.package_discovery:discover_packages(recursive) discover
[0.171s] INFO:colcon.colcon_core.package_discovery:Crawling recursively for packages in '/home/student37/ros2_ws'
[0.171s] Level 1:colcon.colcon_core.package_identification:_identify(.) by extensions ['ignore', 'ignore_ament_install']
[0.171s] Level 1:colcon.colcon_core.package_identification:_identify(.) by extension 'ignore'
[0.171s] Level 1:colcon.colcon_core.package_identification:_identify(.) by extension 'ignore_ament_install'
[0.171s] Level 1:colcon.colcon_core.package_identification:_identify(.) by extensions ['colcon_pkg']
[0.171s] Level 1:colcon.colcon_core.package_identification:_identify(.) by extension 'colcon_pkg'
[0.172s] Level 1:colcon.colcon_core.package_identification:_identify(.) by extensions ['colcon_meta']
[0.172s] Level 1:colcon.colcon_core.package_identification:_identify(.) by extension 'colcon_meta'
[0.172s] Level 1:colcon.colcon_core.package_identification:_identify(.) by extensions ['ros']
[0.172s] Level 1:colcon.colcon_core.package_identification:_identify(.) by extension 'ros'
[0.201s] Level 1:colcon.colcon_core.package_identification:_identify(.) by extensions ['cmake', 'python']
[0.201s] Level 1:colcon.colcon_core.package_identification:_identify(.) by extension 'cmake'
[0.201s] Level 1:colcon.colcon_core.package_identification:_identify(.) by extension 'python'
[0.201s] Level 1:colcon.colcon_core.package_identification:_identify(.) by extensions ['python_setup_py']
[0.201s] Level 1:colcon.colcon_core.package_identification:_identify(.) by extension 'python_setup_py'
[0.202s] Level 1:colcon.colcon_core.package_identification:_identify(build) by extensions ['ignore', 'ignore_ament_install']
[0.202s] Level 1:colcon.colcon_core.package_identification:_identify(build) by extension 'ignore'
[0.202s] Level 1:colcon.colcon_core.package_identification:_identify(build) ignored
[0.202s] Level 1:colcon.colcon_core.package_identification:_identify(install) by extensions ['ignore', 'ignore_ament_install']
[0.202s] Level 1:colcon.colcon_core.package_identification:_identify(install) by extension 'ignore'
[0.202s] Level 1:colcon.colcon_core.package_identification:_identify(install) ignored
[0.202s] Level 1:colcon.colcon_core.package_identification:_identify(log) by extensions ['ignore', 'ignore_ament_install']
[0.202s] Level 1:colcon.colcon_core.package_identification:_identify(log) by extension 'ignore'
[0.202s] Level 1:colcon.colcon_core.package_identification:_identify(log) ignored
[0.202s] Level 1:colcon.colcon_core.package_identification:_identify(src) by extensions ['ignore', 'ignore_ament_install']
[0.202s] Level 1:colcon.colcon_core.package_identification:_identify(src) by extension 'ignore'
[0.202s] Level 1:colcon.colcon_core.package_identification:_identify(src) by extension 'ignore_ament_install'
[0.202s] Level 1:colcon.colcon_core.package_identification:_identify(src) by extensions ['colcon_pkg']
[0.202s] Level 1:colcon.colcon_core.package_identification:_identify(src) by extension 'colcon_pkg'
[0.202s] Level 1:colcon.colcon_core.package_identification:_identify(src) by extensions ['colcon_meta']
[0.203s] Level 1:colcon.colcon_core.package_identification:_identify(src) by extension 'colcon_meta'
[0.203s] Level 1:colcon.colcon_core.package_identification:_identify(src) by extensions ['ros']
[0.203s] Level 1:colcon.colcon_core.package_identification:_identify(src) by extension 'ros'
[0.203s] Level 1:colcon.colcon_core.package_identification:_identify(src) by extensions ['cmake', 'python']
[0.203s] Level 1:colcon.colcon_core.package_identification:_identify(src) by extension 'cmake'
[0.203s] Level 1:colcon.colcon_core.package_identification:_identify(src) by extension 'python'
[0.203s] Level 1:colcon.colcon_core.package_identification:_identify(src) by extensions ['python_setup_py']
[0.203s] Level 1:colcon.colcon_core.package_identification:_identify(src) by extension 'python_setup_py'
[0.203s] Level 1:colcon.colcon_core.package_identification:_identify(src/rplidar_ros) by extensions ['ignore', 'ignore_ament_install']
[0.203s] Level 1:colcon.colcon_core.package_identification:_identify(src/rplidar_ros) by extension 'ignore'
[0.203s] Level 1:colcon.colcon_core.package_identification:_identify(src/rplidar_ros) by extension 'ignore_ament_install'
[0.203s] Level 1:colcon.colcon_core.package_identification:_identify(src/rplidar_ros) by extensions ['colcon_pkg']
[0.203s] Level 1:colcon.colcon_core.package_identification:_identify(src/rplidar_ros) by extension 'colcon_pkg'
[0.203s] Level 1:colcon.colcon_core.package_identification:_identify(src/rplidar_ros) by extensions ['colcon_meta']
[0.203s] Level 1:colcon.colcon_core.package_identification:_identify(src/rplidar_ros) by extension 'colcon_meta'
[0.203s] Level 1:colcon.colcon_core.package_identification:_identify(src/rplidar_ros) by extensions ['ros']
[0.203s] Level 1:colcon.colcon_core.package_identification:_identify(src/rplidar_ros) by extension 'ros'
[0.206s] DEBUG:colcon.colcon_core.package_identification:Package 'src/rplidar_ros' with type 'ros.ament_cmake' and name 'rplidar_ros'
[0.206s] Level 1:colcon.colcon_core.package_discovery:discover_packages(recursive) using defaults
[0.206s] Level 1:colcon.colcon_core.package_discovery:discover_packages(ignore) discover
[0.206s] Level 1:colcon.colcon_core.package_discovery:discover_packages(ignore) using defaults
[0.206s] Level 1:colcon.colcon_core.package_discovery:discover_packages(path) discover
[0.206s] Level 1:colcon.colcon_core.package_discovery:discover_packages(path) using defaults
[0.227s] Level 1:colcon.colcon_core.package_discovery:discover_packages(prefix_path) check parameters
[0.227s] Level 1:colcon.colcon_core.package_discovery:discover_packages(prefix_path) discover
[0.230s] DEBUG:colcon.colcon_installed_package_information.package_discovery:Found 28 installed packages in /home/student37/ros2_tutorial_workspace/install
[0.232s] DEBUG:colcon.colcon_installed_package_information.package_discovery:Found 387 installed packages in /opt/ros/jazzy
[0.234s] Level 1:colcon.colcon_core.package_discovery:discover_packages(prefix_path) using defaults
[0.281s] Level 5:colcon.colcon_core.verb:set package 'rplidar_ros' build argument 'cmake_args' from command line to 'None'
[0.281s] Level 5:colcon.colcon_core.verb:set package 'rplidar_ros' build argument 'cmake_target' from command line to 'None'
[0.281s] Level 5:colcon.colcon_core.verb:set package 'rplidar_ros' build argument 'cmake_target_skip_unavailable' from command line to 'False'
[0.281s] Level 5:colcon.colcon_core.verb:set package 'rplidar_ros' build argument 'cmake_clean_cache' from command line to 'False'
[0.281s] Level 5:colcon.colcon_core.verb:set package 'rplidar_ros' build argument 'cmake_clean_first' from command line to 'False'
[0.281s] Level 5:colcon.colcon_core.verb:set package 'rplidar_ros' build argument 'cmake_force_configure' from command line to 'False'
[0.281s] Level 5:colcon.colcon_core.verb:set package 'rplidar_ros' build argument 'ament_cmake_args' from command line to 'None'
[0.281s] Level 5:colcon.colcon_core.verb:set package 'rplidar_ros' build argument 'catkin_cmake_args' from command line to 'None'
[0.281s] Level 5:colcon.colcon_core.verb:set package 'rplidar_ros' build argument 'catkin_skip_building_tests' from command line to 'False'
[0.281s] DEBUG:colcon.colcon_core.verb:Building package 'rplidar_ros' with the following arguments: {'ament_cmake_args': None, 'build_base': '/home/student37/ros2_ws/build/rplidar_ros', 'catkin_cmake_args': None, 'catkin_skip_building_tests': False, 'cmake_args': None, 'cmake_clean_cache': False, 'cmake_clean_first': False, 'cmake_force_configure': False, 'cmake_target': None, 'cmake_target_skip_unavailable': False, 'install_base': '/home/student37/ros2_ws/install/rplidar_ros', 'merge_install': False, 'path': '/home/student37/ros2_ws/src/rplidar_ros', 'symlink_install': False, 'test_result_base': None}
[0.281s] INFO:colcon.colcon_core.executor:Executing jobs using 'parallel' executor
[0.282s] DEBUG:colcon.colcon_parallel_executor.executor.parallel:run_until_complete
[0.282s] INFO:colcon.colcon_ros.task.ament_cmake.build:Building ROS package in '/home/student37/ros2_ws/src/rplidar_ros' with build type 'ament_cmake'
[0.282s] INFO:colcon.colcon_cmake.task.cmake.build:Building CMake package in '/home/student37/ros2_ws/src/rplidar_ros'
[0.285s] INFO:colcon.colcon_core.plugin_system:Skipping extension 'colcon_core.shell.bat': Not used on non-Windows systems
[0.285s] INFO:colcon.colcon_core.shell:Skip shell extension 'powershell' for command environment: Not usable outside of PowerShell
[0.285s] DEBUG:colcon.colcon_core.shell:Skip shell extension 'dsv' for command environment
[0.297s] DEBUG:colcon.colcon_core.event_handler.log_command:Invoking command in '/home/student37/ros2_ws/build/rplidar_ros': CMAKE_PREFIX_PATH=${CMAKE_PREFIX_PATH}:/home/student37/ros2_tutorial_workspace/install/the_simplest_python_package:/home/student37/ros2_tutorial_workspace/install/python_package_with_a_node:/home/student37/ros2_tutorial_workspace/install/python_package_that_uses_the_library:/home/student37/ros2_tutorial_workspace/install/python_package_with_a_library:/home/student37/ros2_tutorial_workspace/install/python_package_that_uses_the_services:/home/student37/ros2_tutorial_workspace/install/python_package_that_uses_the_messages:/home/student37/ros2_tutorial_workspace/install/python_package_that_uses_the_actions:/home/student37/ros2_tutorial_workspace/install/python_package_that_uses_tf2:/home/student37/ros2_tutorial_workspace/install/python_package_that_uses_parameters_and_launch_files:/home/student37/ros2_tutorial_workspace/install/python_package_that_uses_nav2:/home/student37/ros2_tutorial_workspace/install/python_package_that_uses_geometry_msgs:/home/student37/ros2_tutorial_workspace/install/python_package_that_uses_gazebo:/home/student37/ros2_tutorial_workspace/install/my_package:/home/student37/ros2_tutorial_workspace/install/custom_tf_package:/home/student37/ros2_tutorial_workspace/install/custom_tf_broadcaster_package:/home/student37/ros2_tutorial_workspace/install/custom_subscriber_package:/home/student37/ros2_tutorial_workspace/install/custom_server_package:/home/student37/ros2_tutorial_workspace/install/custom_python_package_for_gazebo:/home/student37/ros2_tutorial_workspace/install/custom_publisher_package:/home/student37/ros2_tutorial_workspace/install/custom_package_with_node:/home/student37/ros2_tutorial_workspace/install/custom_package_with_library:/home/student37/ros2_tutorial_workspace/install/custom_client_package:/home/student37/ros2_tutorial_workspace/install/custom_action_server_package:/home/student37/ros2_tutorial_workspace/install/custom_action_client_package:/home/student37/ros2_tutorial_workspace/install/another_package:/home/student37/ros2_tutorial_workspace/install/another_node:/opt/ros/jazzy DEBUGINFOD_URLS=https://debuginfod.ubuntu.com /usr/bin/cmake /home/student37/ros2_ws/src/rplidar_ros -DCMAKE_INSTALL_PREFIX=/home/student37/ros2_ws/install/rplidar_ros
[2.386s] DEBUG:colcon.colcon_core.event_handler.log_command:Invoked command in '/home/student37/ros2_ws/build/rplidar_ros' returned '0': CMAKE_PREFIX_PATH=${CMAKE_PREFIX_PATH}:/home/student37/ros2_tutorial_workspace/install/the_simplest_python_package:/home/student37/ros2_tutorial_workspace/install/python_package_with_a_node:/home/student37/ros2_tutorial_workspace/install/python_package_that_uses_the_library:/home/student37/ros2_tutorial_workspace/install/python_package_with_a_library:/home/student37/ros2_tutorial_workspace/install/python_package_that_uses_the_services:/home/student37/ros2_tutorial_workspace/install/python_package_that_uses_the_messages:/home/student37/ros2_tutorial_workspace/install/python_package_that_uses_the_actions:/home/student37/ros2_tutorial_workspace/install/python_package_that_uses_tf2:/home/student37/ros2_tutorial_workspace/install/python_package_that_uses_parameters_and_launch_files:/home/student37/ros2_tutorial_workspace/install/python_package_that_uses_nav2:/home/student37/ros2_tutorial_workspace/install/python_package_that_uses_geometry_msgs:/home/student37/ros2_tutorial_workspace/install/python_package_that_uses_gazebo:/home/student37/ros2_tutorial_workspace/install/my_package:/home/student37/ros2_tutorial_workspace/install/custom_tf_package:/home/student37/ros2_tutorial_workspace/install/custom_tf_broadcaster_package:/home/student37/ros2_tutorial_workspace/install/custom_subscriber_package:/home/student37/ros2_tutorial_workspace/install/custom_server_package:/home/student37/ros2_tutorial_workspace/install/custom_python_package_for_gazebo:/home/student37/ros2_tutorial_workspace/install/custom_publisher_package:/home/student37/ros2_tutorial_workspace/install/custom_package_with_node:/home/student37/ros2_tutorial_workspace/install/custom_package_with_library:/home/student37/ros2_tutorial_workspace/install/custom_client_package:/home/student37/ros2_tutorial_workspace/install/custom_action_server_package:/home/student37/ros2_tutorial_workspace/install/custom_action_client_package:/home/student37/ros2_tutorial_workspace/install/another_package:/home/student37/ros2_tutorial_workspace/install/another_node:/opt/ros/jazzy DEBUGINFOD_URLS=https://debuginfod.ubuntu.com /usr/bin/cmake /home/student37/ros2_ws/src/rplidar_ros -DCMAKE_INSTALL_PREFIX=/home/student37/ros2_ws/install/rplidar_ros
[2.387s] DEBUG:colcon.colcon_core.event_handler.log_command:Invoking command in '/home/student37/ros2_ws/build/rplidar_ros': CMAKE_PREFIX_PATH=${CMAKE_PREFIX_PATH}:/home/student37/ros2_tutorial_workspace/install/the_simplest_python_package:/home/student37/ros2_tutorial_workspace/install/python_package_with_a_node:/home/student37/ros2_tutorial_workspace/install/python_package_that_uses_the_library:/home/student37/ros2_tutorial_workspace/install/python_package_with_a_library:/home/student37/ros2_tutorial_workspace/install/python_package_that_uses_the_services:/home/student37/ros2_tutorial_workspace/install/python_package_that_uses_the_messages:/home/student37/ros2_tutorial_workspace/install/python_package_that_uses_the_actions:/home/student37/ros2_tutorial_workspace/install/python_package_that_uses_tf2:/home/student37/ros2_tutorial_workspace/install/python_package_that_uses_parameters_and_launch_files:/home/student37/ros2_tutorial_workspace/install/python_package_that_uses_nav2:/home/student37/ros2_tutorial_workspace/install/python_package_that_uses_geometry_msgs:/home/student37/ros2_tutorial_workspace/install/python_package_that_uses_gazebo:/home/student37/ros2_tutorial_workspace/install/my_package:/home/student37/ros2_tutorial_workspace/install/custom_tf_package:/home/student37/ros2_tutorial_workspace/install/custom_tf_broadcaster_package:/home/student37/ros2_tutorial_workspace/install/custom_subscriber_package:/home/student37/ros2_tutorial_workspace/install/custom_server_package:/home/student37/ros2_tutorial_workspace/install/custom_python_package_for_gazebo:/home/student37/ros2_tutorial_workspace/install/custom_publisher_package:/home/student37/ros2_tutorial_workspace/install/custom_package_with_node:/home/student37/ros2_tutorial_workspace/install/custom_package_with_library:/home/student37/ros2_tutorial_workspace/install/custom_client_package:/home/student37/ros2_tutorial_workspace/install/custom_action_server_package:/home/student37/ros2_tutorial_workspace/install/custom_action_client_package:/home/student37/ros2_tutorial_workspace/install/another_package:/home/student37/ros2_tutorial_workspace/install/another_node:/opt/ros/jazzy DEBUGINFOD_URLS=https://debuginfod.ubuntu.com /usr/bin/cmake --build /home/student37/ros2_ws/build/rplidar_ros -- -j12 -l12
[14.347s] DEBUG:colcon.colcon_core.event_handler.log_command:Invoked command in '/home/student37/ros2_ws/build/rplidar_ros' returned '0': CMAKE_PREFIX_PATH=${CMAKE_PREFIX_PATH}:/home/student37/ros2_tutorial_workspace/install/the_simplest_python_package:/home/student37/ros2_tutorial_workspace/install/python_package_with_a_node:/home/student37/ros2_tutorial_workspace/install/python_package_that_uses_the_library:/home/student37/ros2_tutorial_workspace/install/python_package_with_a_library:/home/student37/ros2_tutorial_workspace/install/python_package_that_uses_the_services:/home/student37/ros2_tutorial_workspace/install/python_package_that_uses_the_messages:/home/student37/ros2_tutorial_workspace/install/python_package_that_uses_the_actions:/home/student37/ros2_tutorial_workspace/install/python_package_that_uses_tf2:/home/student37/ros2_tutorial_workspace/install/python_package_that_uses_parameters_and_launch_files:/home/student37/ros2_tutorial_workspace/install/python_package_that_uses_nav2:/home/student37/ros2_tutorial_workspace/install/python_package_that_uses_geometry_msgs:/home/student37/ros2_tutorial_workspace/install/python_package_that_uses_gazebo:/home/student37/ros2_tutorial_workspace/install/my_package:/home/student37/ros2_tutorial_workspace/install/custom_tf_package:/home/student37/ros2_tutorial_workspace/install/custom_tf_broadcaster_package:/home/student37/ros2_tutorial_workspace/install/custom_subscriber_package:/home/student37/ros2_tutorial_workspace/install/custom_server_package:/home/student37/ros2_tutorial_workspace/install/custom_python_package_for_gazebo:/home/student37/ros2_tutorial_workspace/install/custom_publisher_package:/home/student37/ros2_tutorial_workspace/install/custom_package_with_node:/home/student37/ros2_tutorial_workspace/install/custom_package_with_library:/home/student37/ros2_tutorial_workspace/install/custom_client_package:/home/student37/ros2_tutorial_workspace/install/custom_action_server_package:/home/student37/ros2_tutorial_workspace/install/custom_action_client_package:/home/student37/ros2_tutorial_workspace/install/another_package:/home/student37/ros2_tutorial_workspace/install/another_node:/opt/ros/jazzy DEBUGINFOD_URLS=https://debuginfod.ubuntu.com /usr/bin/cmake --build /home/student37/ros2_ws/build/rplidar_ros -- -j12 -l12
[14.365s] DEBUG:colcon.colcon_core.event_handler.log_command:Invoking command in '/home/student37/ros2_ws/build/rplidar_ros': CMAKE_PREFIX_PATH=${CMAKE_PREFIX_PATH}:/home/student37/ros2_tutorial_workspace/install/the_simplest_python_package:/home/student37/ros2_tutorial_workspace/install/python_package_with_a_node:/home/student37/ros2_tutorial_workspace/install/python_package_that_uses_the_library:/home/student37/ros2_tutorial_workspace/install/python_package_with_a_library:/home/student37/ros2_tutorial_workspace/install/python_package_that_uses_the_services:/home/student37/ros2_tutorial_workspace/install/python_package_that_uses_the_messages:/home/student37/ros2_tutorial_workspace/install/python_package_that_uses_the_actions:/home/student37/ros2_tutorial_workspace/install/python_package_that_uses_tf2:/home/student37/ros2_tutorial_workspace/install/python_package_that_uses_parameters_and_launch_files:/home/student37/ros2_tutorial_workspace/install/python_package_that_uses_nav2:/home/student37/ros2_tutorial_workspace/install/python_package_that_uses_geometry_msgs:/home/student37/ros2_tutorial_workspace/install/python_package_that_uses_gazebo:/home/student37/ros2_tutorial_workspace/install/my_package:/home/student37/ros2_tutorial_workspace/install/custom_tf_package:/home/student37/ros2_tutorial_workspace/install/custom_tf_broadcaster_package:/home/student37/ros2_tutorial_workspace/install/custom_subscriber_package:/home/student37/ros2_tutorial_workspace/install/custom_server_package:/home/student37/ros2_tutorial_workspace/install/custom_python_package_for_gazebo:/home/student37/ros2_tutorial_workspace/install/custom_publisher_package:/home/student37/ros2_tutorial_workspace/install/custom_package_with_node:/home/student37/ros2_tutorial_workspace/install/custom_package_with_library:/home/student37/ros2_tutorial_workspace/install/custom_client_package:/home/student37/ros2_tutorial_workspace/install/custom_action_server_package:/home/student37/ros2_tutorial_workspace/install/custom_action_client_package:/home/student37/ros2_tutorial_workspace/install/another_package:/home/student37/ros2_tutorial_workspace/install/another_node:/opt/ros/jazzy DEBUGINFOD_URLS=https://debuginfod.ubuntu.com /usr/bin/cmake --install /home/student37/ros2_ws/build/rplidar_ros
[14.391s] Level 1:colcon.colcon_core.environment:create_environment_scripts_only(rplidar_ros)
[14.392s] DEBUG:colcon.colcon_core.event_handler.log_command:Invoked command in '/home/student37/ros2_ws/build/rplidar_ros' returned '0': CMAKE_PREFIX_PATH=${CMAKE_PREFIX_PATH}:/home/student37/ros2_tutorial_workspace/install/the_simplest_python_package:/home/student37/ros2_tutorial_workspace/install/python_package_with_a_node:/home/student37/ros2_tutorial_workspace/install/python_package_that_uses_the_library:/home/student37/ros2_tutorial_workspace/install/python_package_with_a_library:/home/student37/ros2_tutorial_workspace/install/python_package_that_uses_the_services:/home/student37/ros2_tutorial_workspace/install/python_package_that_uses_the_messages:/home/student37/ros2_tutorial_workspace/install/python_package_that_uses_the_actions:/home/student37/ros2_tutorial_workspace/install/python_package_that_uses_tf2:/home/student37/ros2_tutorial_workspace/install/python_package_that_uses_parameters_and_launch_files:/home/student37/ros2_tutorial_workspace/install/python_package_that_uses_nav2:/home/student37/ros2_tutorial_workspace/install/python_package_that_uses_geometry_msgs:/home/student37/ros2_tutorial_workspace/install/python_package_that_uses_gazebo:/home/student37/ros2_tutorial_workspace/install/my_package:/home/student37/ros2_tutorial_workspace/install/custom_tf_package:/home/student37/ros2_tutorial_workspace/install/custom_tf_broadcaster_package:/home/student37/ros2_tutorial_workspace/install/custom_subscriber_package:/home/student37/ros2_tutorial_workspace/install/custom_server_package:/home/student37/ros2_tutorial_workspace/install/custom_python_package_for_gazebo:/home/student37/ros2_tutorial_workspace/install/custom_publisher_package:/home/student37/ros2_tutorial_workspace/install/custom_package_with_node:/home/student37/ros2_tutorial_workspace/install/custom_package_with_library:/home/student37/ros2_tutorial_workspace/install/custom_client_package:/home/student37/ros2_tutorial_workspace/install/custom_action_server_package:/home/student37/ros2_tutorial_workspace/install/custom_action_client_package:/home/student37/ros2_tutorial_workspace/install/another_package:/home/student37/ros2_tutorial_workspace/install/another_node:/opt/ros/jazzy DEBUGINFOD_URLS=https://debuginfod.ubuntu.com /usr/bin/cmake --install /home/student37/ros2_ws/build/rplidar_ros
[14.396s] Level 1:colcon.colcon_core.environment:checking '/home/student37/ros2_ws/install/rplidar_ros' for CMake module files
[14.397s] Level 1:colcon.colcon_core.environment:checking '/home/student37/ros2_ws/install/rplidar_ros' for CMake config files
[14.398s] Level 1:colcon.colcon_core.shell:create_environment_hook('rplidar_ros', 'cmake_prefix_path')
[14.398s] INFO:colcon.colcon_core.shell:Creating environment hook '/home/student37/ros2_ws/install/rplidar_ros/share/rplidar_ros/hook/cmake_prefix_path.ps1'
[14.400s] INFO:colcon.colcon_core.shell:Creating environment descriptor '/home/student37/ros2_ws/install/rplidar_ros/share/rplidar_ros/hook/cmake_prefix_path.dsv'
[14.401s] INFO:colcon.colcon_core.shell:Creating environment hook '/home/student37/ros2_ws/install/rplidar_ros/share/rplidar_ros/hook/cmake_prefix_path.sh'
[14.404s] Level 1:colcon.colcon_core.environment:checking '/home/student37/ros2_ws/install/rplidar_ros/lib'
[14.405s] Level 1:colcon.colcon_core.environment:checking '/home/student37/ros2_ws/install/rplidar_ros/bin'
[14.405s] Level 1:colcon.colcon_core.environment:checking '/home/student37/ros2_ws/install/rplidar_ros/lib/pkgconfig/rplidar_ros.pc'
[14.406s] Level 1:colcon.colcon_core.environment:checking '/home/student37/ros2_ws/install/rplidar_ros/lib/python3.12/site-packages'
[14.407s] Level 1:colcon.colcon_core.environment:checking '/home/student37/ros2_ws/install/rplidar_ros/bin'
[14.408s] INFO:colcon.colcon_core.shell:Creating package script '/home/student37/ros2_ws/install/rplidar_ros/share/rplidar_ros/package.ps1'
[14.410s] INFO:colcon.colcon_core.shell:Creating package descriptor '/home/student37/ros2_ws/install/rplidar_ros/share/rplidar_ros/package.dsv'
[14.412s] INFO:colcon.colcon_core.shell:Creating package script '/home/student37/ros2_ws/install/rplidar_ros/share/rplidar_ros/package.sh'
[14.413s] INFO:colcon.colcon_core.shell:Creating package script '/home/student37/ros2_ws/install/rplidar_ros/share/rplidar_ros/package.bash'
[14.414s] INFO:colcon.colcon_core.shell:Creating package script '/home/student37/ros2_ws/install/rplidar_ros/share/rplidar_ros/package.zsh'
[14.415s] Level 1:colcon.colcon_core.environment:create_file_with_runtime_dependencies(/home/student37/ros2_ws/install/rplidar_ros/share/colcon-core/packages/rplidar_ros)
[14.416s] Level 1:colcon.colcon_core.environment:create_environment_scripts_only(rplidar_ros)
[14.416s] Level 1:colcon.colcon_core.environment:checking '/home/student37/ros2_ws/install/rplidar_ros' for CMake module files
[14.417s] Level 1:colcon.colcon_core.environment:checking '/home/student37/ros2_ws/install/rplidar_ros' for CMake config files
[14.417s] Level 1:colcon.colcon_core.shell:create_environment_hook('rplidar_ros', 'cmake_prefix_path')
[14.418s] INFO:colcon.colcon_core.shell:Creating environment hook '/home/student37/ros2_ws/install/rplidar_ros/share/rplidar_ros/hook/cmake_prefix_path.ps1'
[14.418s] INFO:colcon.colcon_core.shell:Creating environment descriptor '/home/student37/ros2_ws/install/rplidar_ros/share/rplidar_ros/hook/cmake_prefix_path.dsv'
[14.419s] INFO:colcon.colcon_core.shell:Creating environment hook '/home/student37/ros2_ws/install/rplidar_ros/share/rplidar_ros/hook/cmake_prefix_path.sh'
[14.420s] Level 1:colcon.colcon_core.environment:checking '/home/student37/ros2_ws/install/rplidar_ros/lib'
[14.420s] Level 1:colcon.colcon_core.environment:checking '/home/student37/ros2_ws/install/rplidar_ros/bin'
[14.420s] Level 1:colcon.colcon_core.environment:checking '/home/student37/ros2_ws/install/rplidar_ros/lib/pkgconfig/rplidar_ros.pc'
[14.421s] Level 1:colcon.colcon_core.environment:checking '/home/student37/ros2_ws/install/rplidar_ros/lib/python3.12/site-packages'
[14.421s] Level 1:colcon.colcon_core.environment:checking '/home/student37/ros2_ws/install/rplidar_ros/bin'
[14.422s] INFO:colcon.colcon_core.shell:Creating package script '/home/student37/ros2_ws/install/rplidar_ros/share/rplidar_ros/package.ps1'
[14.423s] INFO:colcon.colcon_core.shell:Creating package descriptor '/home/student37/ros2_ws/install/rplidar_ros/share/rplidar_ros/package.dsv'
[14.423s] INFO:colcon.colcon_core.shell:Creating package script '/home/student37/ros2_ws/install/rplidar_ros/share/rplidar_ros/package.sh'
[14.424s] INFO:colcon.colcon_core.shell:Creating package script '/home/student37/ros2_ws/install/rplidar_ros/share/rplidar_ros/package.bash'
[14.425s] INFO:colcon.colcon_core.shell:Creating package script '/home/student37/ros2_ws/install/rplidar_ros/share/rplidar_ros/package.zsh'
[14.426s] Level 1:colcon.colcon_core.environment:create_file_with_runtime_dependencies(/home/student37/ros2_ws/install/rplidar_ros/share/colcon-core/packages/rplidar_ros)
[14.426s] DEBUG:colcon.colcon_parallel_executor.executor.parallel:closing loop
[14.427s] DEBUG:colcon.colcon_parallel_executor.executor.parallel:loop closed
[14.427s] DEBUG:colcon.colcon_parallel_executor.executor.parallel:run_until_complete finished with '0'
[14.427s] DEBUG:colcon.colcon_core.event_reactor:joining thread
[14.454s] INFO:colcon.colcon_core.plugin_system:Skipping extension 'colcon_notification.desktop_notification.terminal_notifier': Not used on non-Darwin systems
[14.454s] INFO:colcon.colcon_core.plugin_system:Skipping extension 'colcon_notification.desktop_notification.win32': Not used on non-Windows systems
[14.454s] INFO:colcon.colcon_notification.desktop_notification:Sending desktop notification using 'notify2'
[14.475s] DEBUG:colcon.colcon_core.event_reactor:joined thread
[14.475s] INFO:colcon.colcon_core.shell:Creating prefix script '/home/student37/ros2_ws/install/local_setup.ps1'
[14.476s] INFO:colcon.colcon_core.shell:Creating prefix util module '/home/student37/ros2_ws/install/_local_setup_util_ps1.py'
[14.478s] INFO:colcon.colcon_core.shell:Creating prefix chain script '/home/student37/ros2_ws/install/setup.ps1'
[14.480s] INFO:colcon.colcon_core.shell:Creating prefix script '/home/student37/ros2_ws/install/local_setup.sh'
[14.481s] INFO:colcon.colcon_core.shell:Creating prefix util module '/home/student37/ros2_ws/install/_local_setup_util_sh.py'
[14.482s] INFO:colcon.colcon_core.shell:Creating prefix chain script '/home/student37/ros2_ws/install/setup.sh'
[14.484s] INFO:colcon.colcon_core.shell:Creating prefix script '/home/student37/ros2_ws/install/local_setup.bash'
[14.485s] INFO:colcon.colcon_core.shell:Creating prefix chain script '/home/student37/ros2_ws/install/setup.bash'
[14.487s] INFO:colcon.colcon_core.shell:Creating prefix script '/home/student37/ros2_ws/install/local_setup.zsh'
[14.487s] INFO:colcon.colcon_core.shell:Creating prefix chain script '/home/student37/ros2_ws/install/setup.zsh'
